The system is: Windows - 10.0.18363 - AMD64
Compiling the C compiler identification source file "CMakeCCompilerId.c" succeeded.
Compiler: D:/Visual Studio/VC/Tools/MSVC/14.28.29333/bin/Hostx86/x86/cl.exe 
Build flags: 
Id flags:  

The output was:
0
Оптимизирующий компилятор Microsoft (R) C/C++ версии 19.28.29335 для x86
(C) Корпорация Майкрософт (Microsoft Corporation).  Все права защищены.

CMakeCCompilerId.c
Microsoft (R) Incremental Linker Version 14.28.29335.0
Copyright (C) Microsoft Corporation.  All rights reserved.

/out:CMakeCCompilerId.exe 
CMakeCCompilerId.obj 


Compilation of the C compiler identification source "CMakeCCompilerId.c" produced "CMakeCCompilerId.exe"

Compilation of the C compiler identification source "CMakeCCompilerId.c" produced "CMakeCCompilerId.obj"

The C compiler identification is MSVC, found in "C:/Users/79885/CLionProjects/untitled7/cmake-build-debug/CMakeFiles/3.17.3/CompilerIdC/CMakeCCompilerId.exe"

Determining if the C compiler works passed with the following output:
Change Dir: C:/Users/79885/CLionProjects/untitled7/cmake-build-debug/CMakeFiles/CMakeTmp

Run Build Command(s):nmake /nologo cmTC_e28a2\fast && 	"D:\Visual Studio\VC\Tools\MSVC\14.28.29333\bin\HostX86\x86\nmake.exe"  -f CMakeFiles\cmTC_e28a2.dir\build.make /nologo -L                  CMakeFiles\cmTC_e28a2.dir\build
Building C object CMakeFiles/cmTC_e28a2.dir/testCCompiler.c.obj
	"D:\Visual Studio\VC\Tools\MSVC\14.28.29333\bin\Hostx86\x86\cl.exe" @C:\Users\79885\AppData\Local\Temp\nm8145.tmp
testCCompiler.c
Linking C executable cmTC_e28a2.exe
	"D:\CLion\CLion 2020.2.4\bin\cmake\win\bin\cmake.exe" -E vs_link_exe --intdir=CMakeFiles\cmTC_e28a2.dir --rc=C:\PROGRA~2\WI3CF2~1\10\bin\100183~1.0\x86\rc.exe --mt=C:\PROGRA~2\WI3CF2~1\10\bin\100183~1.0\x86\mt.exe --manifests  -- "D:\Visual Studio\VC\Tools\MSVC\14.28.29333\bin\Hostx86\x86\link.exe" /nologo @CMakeFiles\cmTC_e28a2.dir\objects1.rsp @C:\Users\79885\AppData\Local\Temp\nm8359.tmp



Detecting C compiler ABI info compiled with the following output:
Change Dir: C:/Users/79885/CLionProjects/untitled7/cmake-build-debug/CMakeFiles/CMakeTmp

Run Build Command(s):nmake /nologo cmTC_10f1e\fast && 	"D:\Visual Studio\VC\Tools\MSVC\14.28.29333\bin\HostX86\x86\nmake.exe"  -f CMakeFiles\cmTC_10f1e.dir\build.make /nologo -L                  CMakeFiles\cmTC_10f1e.dir\build
Building C object CMakeFiles/cmTC_10f1e.dir/CMakeCCompilerABI.c.obj
	"D:\Visual Studio\VC\Tools\MSVC\14.28.29333\bin\Hostx86\x86\cl.exe" @C:\Users\79885\AppData\Local\Temp\nm8879.tmp
CMakeCCompilerABI.c
Linking C executable cmTC_10f1e.exe
	"D:\CLion\CLion 2020.2.4\bin\cmake\win\bin\cmake.exe" -E vs_link_exe --intdir=CMakeFiles\cmTC_10f1e.dir --rc=C:\PROGRA~2\WI3CF2~1\10\bin\100183~1.0\x86\rc.exe --mt=C:\PROGRA~2\WI3CF2~1\10\bin\100183~1.0\x86\mt.exe --manifests  -- "D:\Visual Studio\VC\Tools\MSVC\14.28.29333\bin\Hostx86\x86\link.exe" /nologo @CMakeFiles\cmTC_10f1e.dir\objects1.rsp @C:\Users\79885\AppData\Local\Temp\nm8954.tmp



